Грамматика

    0 $accept: start $end

    1 start: INT MAIN LPAREN RPAREN LBRACE main RBRACE

    2 main: /* пусто */
    3     | progs main

    4 progs: INT expressions SEMICOLON
    5      | expressions SEMICOLON
    6      | conditions
    7      | cycles
    8      | print SEMICOLON
    9      | RETURN elements SEMICOLON

   10 expressions: elements signes elements
   11            | elements signes elements signes elements
   12            | elements

   13 elements: IDENTIFIER
   14         | NUMBER

   15 signes: PLUS
   16       | MINUS
   17       | MAX
   18       | MIN
   19       | EQUAL
   20       | NOTEQUAL
   21       | MUL
   22       | DIV
   23       | GTE
   24       | LTE
   25       | ASSIGN
   26       | MOD

   27 conditions: IF LPAREN expressions RPAREN LBRACE main RBRACE ELSE LBRACE main RBRACE
   28           | IF LPAREN expressions RPAREN LBRACE main RBRACE
   29           | IF LPAREN expressions RPAREN LBRACE main RBRACE ELSE IF LPAREN expressions RPAREN LBRACE main RBRACE ELSE LBRACE main RBRACE

   30 cycles: WHILE LPAREN expressions RPAREN LBRACE main RBRACE
   31       | FOR LPAREN INT elements signes elements SEMICOLON elements signes expressions SEMICOLON elements signes elements signes elements RPAREN LBRACE main RBRACE

   32 print: PRINTF LPAREN STRING RPAREN
   33      | PRINTF LPAREN STRING idents RPAREN

   34 idents: ZAPITAYA expressions
   35       | idents ZAPITAYA expressions


Терминальные символы с правилами, в которых они появляются

$end (0) 0
error (256)
NUMBER (258) 14
IDENTIFIER (259) 13
STRING (260) 32 33
INT (261) 1 4 31
MAIN (262) 1
RETURN (263) 9
PRINTF (264) 32 33
WHILE (265) 30
FOR (266) 31
MOD (267) 26
IF (268) 27 28 29
ELSE (269) 27 29
LBRACE (270) 1 27 28 29 30 31
RBRACE (271) 1 27 28 29 30 31
LPAREN (272) 1 27 28 29 30 31 32 33
RPAREN (273) 1 27 28 29 30 31 32 33
SEMICOLON (274) 4 5 8 9 31
ASSIGN (275) 25
PLUS (276) 15
MAX (277) 17
MIN (278) 18
EQUAL (279) 19
NOTEQUAL (280) 20
MINUS (281) 16
MUL (282) 21
DIV (283) 22
GTE (284) 23
LTE (285) 24
ZAPITAYA (286) 34 35


Нетерминальные символы с правилами, в которых они появляются

$accept (32)
    налево: 0
start (33)
    налево: 1, направо: 0
main (34)
    налево: 2 3, направо: 1 3 27 28 29 30 31
progs (35)
    налево: 4 5 6 7 8 9, направо: 3
expressions (36)
    налево: 10 11 12, направо: 4 5 27 28 29 30 31 34 35
elements (37)
    налево: 13 14, направо: 9 10 11 12 31
signes (38)
    налево: 15 16 17 18 19 20 21 22 23 24 25 26, направо: 10 11 31
conditions (39)
    налево: 27 28 29, направо: 6
cycles (40)
    налево: 30 31, направо: 7
print (41)
    налево: 32 33, направо: 8
idents (42)
    налево: 34 35, направо: 33 35


состояние 0

    0 $accept: . start $end

    INT  сдвиг, и переход в состояние 1

    start  переход в состояние 2


состояние 1

    1 start: INT . MAIN LPAREN RPAREN LBRACE main RBRACE

    MAIN  сдвиг, и переход в состояние 3


состояние 2

    0 $accept: start . $end

    $end  сдвиг, и переход в состояние 4


состояние 3

    1 start: INT MAIN . LPAREN RPAREN LBRACE main RBRACE

    LPAREN  сдвиг, и переход в состояние 5


состояние 4

    0 $accept: start $end .

    $default  accept


состояние 5

    1 start: INT MAIN LPAREN . RPAREN LBRACE main RBRACE

    RPAREN  сдвиг, и переход в состояние 6


состояние 6

    1 start: INT MAIN LPAREN RPAREN . LBRACE main RBRACE

    LBRACE  сдвиг, и переход в состояние 7


состояние 7

    1 start: INT MAIN LPAREN RPAREN LBRACE . main RBRACE

    NUMBER      сдвиг, и переход в состояние 8
    IDENTIFIER  сдвиг, и переход в состояние 9
    INT         сдвиг, и переход в состояние 10
    RETURN      сдвиг, и переход в состояние 11
    PRINTF      сдвиг, и переход в состояние 12
    WHILE       сдвиг, и переход в состояние 13
    FOR         сдвиг, и переход в состояние 14
    IF          сдвиг, и переход в состояние 15

    $default  вывод с использованием правила 2 (main)

    main         переход в состояние 16
    progs        переход в состояние 17
    expressions  переход в состояние 18
    elements     переход в состояние 19
    conditions   переход в состояние 20
    cycles       переход в состояние 21
    print        переход в состояние 22


состояние 8

   14 elements: NUMBER .

    $default  вывод с использованием правила 14 (elements)


состояние 9

   13 elements: IDENTIFIER .

    $default  вывод с использованием правила 13 (elements)


состояние 10

    4 progs: INT . expressions SEMICOLON

    NUMBER      сдвиг, и переход в состояние 8
    IDENTIFIER  сдвиг, и переход в состояние 9

    expressions  переход в состояние 23
    elements     переход в состояние 19


состояние 11

    9 progs: RETURN . elements SEMICOLON

    NUMBER      сдвиг, и переход в состояние 8
    IDENTIFIER  сдвиг, и переход в состояние 9

    elements  переход в состояние 24


состояние 12

   32 print: PRINTF . LPAREN STRING RPAREN
   33      | PRINTF . LPAREN STRING idents RPAREN

    LPAREN  сдвиг, и переход в состояние 25


состояние 13

   30 cycles: WHILE . LPAREN expressions RPAREN LBRACE main RBRACE

    LPAREN  сдвиг, и переход в состояние 26


состояние 14

   31 cycles: FOR . LPAREN INT elements signes elements SEMICOLON elements signes expressions SEMICOLON elements signes elements signes elements RPAREN LBRACE main RBRACE

    LPAREN  сдвиг, и переход в состояние 27


состояние 15

   27 conditions: IF . LPAREN expressions RPAREN LBRACE main RBRACE ELSE LBRACE main RBRACE
   28           | IF . LPAREN expressions RPAREN LBRACE main RBRACE
   29           | IF . LPAREN expressions RPAREN LBRACE main RBRACE ELSE IF LPAREN expressions RPAREN LBRACE main RBRACE ELSE LBRACE main RBRACE

    LPAREN  сдвиг, и переход в состояние 28


состояние 16

    1 start: INT MAIN LPAREN RPAREN LBRACE main . RBRACE

    RBRACE  сдвиг, и переход в состояние 29


состояние 17

    3 main: progs . main

    NUMBER      сдвиг, и переход в состояние 8
    IDENTIFIER  сдвиг, и переход в состояние 9
    INT         сдвиг, и переход в состояние 10
    RETURN      сдвиг, и переход в состояние 11
    PRINTF      сдвиг, и переход в состояние 12
    WHILE       сдвиг, и переход в состояние 13
    FOR         сдвиг, и переход в состояние 14
    IF          сдвиг, и переход в состояние 15

    $default  вывод с использованием правила 2 (main)

    main         переход в состояние 30
    progs        переход в состояние 17
    expressions  переход в состояние 18
    elements     переход в состояние 19
    conditions   переход в состояние 20
    cycles       переход в состояние 21
    print        переход в состояние 22


состояние 18

    5 progs: expressions . SEMICOLON

    SEMICOLON  сдвиг, и переход в состояние 31


состояние 19

   10 expressions: elements . signes elements
   11            | elements . signes elements signes elements
   12            | elements .

    MOD       сдвиг, и переход в состояние 32
    ASSIGN    сдвиг, и переход в состояние 33
    PLUS      сдвиг, и переход в состояние 34
    MAX       сдвиг, и переход в состояние 35
    MIN       сдвиг, и переход в состояние 36
    EQUAL     сдвиг, и переход в состояние 37
    NOTEQUAL  сдвиг, и переход в состояние 38
    MINUS     сдвиг, и переход в состояние 39
    MUL       сдвиг, и переход в состояние 40
    DIV       сдвиг, и переход в состояние 41
    GTE       сдвиг, и переход в состояние 42
    LTE       сдвиг, и переход в состояние 43

    $default  вывод с использованием правила 12 (expressions)

    signes  переход в состояние 44


состояние 20

    6 progs: conditions .

    $default  вывод с использованием правила 6 (progs)


состояние 21

    7 progs: cycles .

    $default  вывод с использованием правила 7 (progs)


состояние 22

    8 progs: print . SEMICOLON

    SEMICOLON  сдвиг, и переход в состояние 45


состояние 23

    4 progs: INT expressions . SEMICOLON

    SEMICOLON  сдвиг, и переход в состояние 46


состояние 24

    9 progs: RETURN elements . SEMICOLON

    SEMICOLON  сдвиг, и переход в состояние 47


состояние 25

   32 print: PRINTF LPAREN . STRING RPAREN
   33      | PRINTF LPAREN . STRING idents RPAREN

    STRING  сдвиг, и переход в состояние 48


состояние 26

   30 cycles: WHILE LPAREN . expressions RPAREN LBRACE main RBRACE

    NUMBER      сдвиг, и переход в состояние 8
    IDENTIFIER  сдвиг, и переход в состояние 9

    expressions  переход в состояние 49
    elements     переход в состояние 19


состояние 27

   31 cycles: FOR LPAREN . INT elements signes elements SEMICOLON elements signes expressions SEMICOLON elements signes elements signes elements RPAREN LBRACE main RBRACE

    INT  сдвиг, и переход в состояние 50


состояние 28

   27 conditions: IF LPAREN . expressions RPAREN LBRACE main RBRACE ELSE LBRACE main RBRACE
   28           | IF LPAREN . expressions RPAREN LBRACE main RBRACE
   29           | IF LPAREN . expressions RPAREN LBRACE main RBRACE ELSE IF LPAREN expressions RPAREN LBRACE main RBRACE ELSE LBRACE main RBRACE

    NUMBER      сдвиг, и переход в состояние 8
    IDENTIFIER  сдвиг, и переход в состояние 9

    expressions  переход в состояние 51
    elements     переход в состояние 19


состояние 29

    1 start: INT MAIN LPAREN RPAREN LBRACE main RBRACE .

    $default  вывод с использованием правила 1 (start)


состояние 30

    3 main: progs main .

    $default  вывод с использованием правила 3 (main)


состояние 31

    5 progs: expressions SEMICOLON .

    $default  вывод с использованием правила 5 (progs)


состояние 32

   26 signes: MOD .

    $default  вывод с использованием правила 26 (signes)


состояние 33

   25 signes: ASSIGN .

    $default  вывод с использованием правила 25 (signes)


состояние 34

   15 signes: PLUS .

    $default  вывод с использованием правила 15 (signes)


состояние 35

   17 signes: MAX .

    $default  вывод с использованием правила 17 (signes)


состояние 36

   18 signes: MIN .

    $default  вывод с использованием правила 18 (signes)


состояние 37

   19 signes: EQUAL .

    $default  вывод с использованием правила 19 (signes)


состояние 38

   20 signes: NOTEQUAL .

    $default  вывод с использованием правила 20 (signes)


состояние 39

   16 signes: MINUS .

    $default  вывод с использованием правила 16 (signes)


состояние 40

   21 signes: MUL .

    $default  вывод с использованием правила 21 (signes)


состояние 41

   22 signes: DIV .

    $default  вывод с использованием правила 22 (signes)


состояние 42

   23 signes: GTE .

    $default  вывод с использованием правила 23 (signes)


состояние 43

   24 signes: LTE .

    $default  вывод с использованием правила 24 (signes)


состояние 44

   10 expressions: elements signes . elements
   11            | elements signes . elements signes elements

    NUMBER      сдвиг, и переход в состояние 8
    IDENTIFIER  сдвиг, и переход в состояние 9

    elements  переход в состояние 52


состояние 45

    8 progs: print SEMICOLON .

    $default  вывод с использованием правила 8 (progs)


состояние 46

    4 progs: INT expressions SEMICOLON .

    $default  вывод с использованием правила 4 (progs)


состояние 47

    9 progs: RETURN elements SEMICOLON .

    $default  вывод с использованием правила 9 (progs)


состояние 48

   32 print: PRINTF LPAREN STRING . RPAREN
   33      | PRINTF LPAREN STRING . idents RPAREN

    RPAREN    сдвиг, и переход в состояние 53
    ZAPITAYA  сдвиг, и переход в состояние 54

    idents  переход в состояние 55


состояние 49

   30 cycles: WHILE LPAREN expressions . RPAREN LBRACE main RBRACE

    RPAREN  сдвиг, и переход в состояние 56


состояние 50

   31 cycles: FOR LPAREN INT . elements signes elements SEMICOLON elements signes expressions SEMICOLON elements signes elements signes elements RPAREN LBRACE main RBRACE

    NUMBER      сдвиг, и переход в состояние 8
    IDENTIFIER  сдвиг, и переход в состояние 9

    elements  переход в состояние 57


состояние 51

   27 conditions: IF LPAREN expressions . RPAREN LBRACE main RBRACE ELSE LBRACE main RBRACE
   28           | IF LPAREN expressions . RPAREN LBRACE main RBRACE
   29           | IF LPAREN expressions . RPAREN LBRACE main RBRACE ELSE IF LPAREN expressions RPAREN LBRACE main RBRACE ELSE LBRACE main RBRACE

    RPAREN  сдвиг, и переход в состояние 58


состояние 52

   10 expressions: elements signes elements .
   11            | elements signes elements . signes elements

    MOD       сдвиг, и переход в состояние 32
    ASSIGN    сдвиг, и переход в состояние 33
    PLUS      сдвиг, и переход в состояние 34
    MAX       сдвиг, и переход в состояние 35
    MIN       сдвиг, и переход в состояние 36
    EQUAL     сдвиг, и переход в состояние 37
    NOTEQUAL  сдвиг, и переход в состояние 38
    MINUS     сдвиг, и переход в состояние 39
    MUL       сдвиг, и переход в состояние 40
    DIV       сдвиг, и переход в состояние 41
    GTE       сдвиг, и переход в состояние 42
    LTE       сдвиг, и переход в состояние 43

    $default  вывод с использованием правила 10 (expressions)

    signes  переход в состояние 59


состояние 53

   32 print: PRINTF LPAREN STRING RPAREN .

    $default  вывод с использованием правила 32 (print)


состояние 54

   34 idents: ZAPITAYA . expressions

    NUMBER      сдвиг, и переход в состояние 8
    IDENTIFIER  сдвиг, и переход в состояние 9

    expressions  переход в состояние 60
    elements     переход в состояние 19


состояние 55

   33 print: PRINTF LPAREN STRING idents . RPAREN
   35 idents: idents . ZAPITAYA expressions

    RPAREN    сдвиг, и переход в состояние 61
    ZAPITAYA  сдвиг, и переход в состояние 62


состояние 56

   30 cycles: WHILE LPAREN expressions RPAREN . LBRACE main RBRACE

    LBRACE  сдвиг, и переход в состояние 63


состояние 57

   31 cycles: FOR LPAREN INT elements . signes elements SEMICOLON elements signes expressions SEMICOLON elements signes elements signes elements RPAREN LBRACE main RBRACE

    MOD       сдвиг, и переход в состояние 32
    ASSIGN    сдвиг, и переход в состояние 33
    PLUS      сдвиг, и переход в состояние 34
    MAX       сдвиг, и переход в состояние 35
    MIN       сдвиг, и переход в состояние 36
    EQUAL     сдвиг, и переход в состояние 37
    NOTEQUAL  сдвиг, и переход в состояние 38
    MINUS     сдвиг, и переход в состояние 39
    MUL       сдвиг, и переход в состояние 40
    DIV       сдвиг, и переход в состояние 41
    GTE       сдвиг, и переход в состояние 42
    LTE       сдвиг, и переход в состояние 43

    signes  переход в состояние 64


состояние 58

   27 conditions: IF LPAREN expressions RPAREN . LBRACE main RBRACE ELSE LBRACE main RBRACE
   28           | IF LPAREN expressions RPAREN . LBRACE main RBRACE
   29           | IF LPAREN expressions RPAREN . LBRACE main RBRACE ELSE IF LPAREN expressions RPAREN LBRACE main RBRACE ELSE LBRACE main RBRACE

    LBRACE  сдвиг, и переход в состояние 65


состояние 59

   11 expressions: elements signes elements signes . elements

    NUMBER      сдвиг, и переход в состояние 8
    IDENTIFIER  сдвиг, и переход в состояние 9

    elements  переход в состояние 66


состояние 60

   34 idents: ZAPITAYA expressions .

    $default  вывод с использованием правила 34 (idents)


состояние 61

   33 print: PRINTF LPAREN STRING idents RPAREN .

    $default  вывод с использованием правила 33 (print)


состояние 62

   35 idents: idents ZAPITAYA . expressions

    NUMBER      сдвиг, и переход в состояние 8
    IDENTIFIER  сдвиг, и переход в состояние 9

    expressions  переход в состояние 67
    elements     переход в состояние 19


состояние 63

   30 cycles: WHILE LPAREN expressions RPAREN LBRACE . main RBRACE

    NUMBER      сдвиг, и переход в состояние 8
    IDENTIFIER  сдвиг, и переход в состояние 9
    INT         сдвиг, и переход в состояние 10
    RETURN      сдвиг, и переход в состояние 11
    PRINTF      сдвиг, и переход в состояние 12
    WHILE       сдвиг, и переход в состояние 13
    FOR         сдвиг, и переход в состояние 14
    IF          сдвиг, и переход в состояние 15

    $default  вывод с использованием правила 2 (main)

    main         переход в состояние 68
    progs        переход в состояние 17
    expressions  переход в состояние 18
    elements     переход в состояние 19
    conditions   переход в состояние 20
    cycles       переход в состояние 21
    print        переход в состояние 22


состояние 64

   31 cycles: FOR LPAREN INT elements signes . elements SEMICOLON elements signes expressions SEMICOLON elements signes elements signes elements RPAREN LBRACE main RBRACE

    NUMBER      сдвиг, и переход в состояние 8
    IDENTIFIER  сдвиг, и переход в состояние 9

    elements  переход в состояние 69


состояние 65

   27 conditions: IF LPAREN expressions RPAREN LBRACE . main RBRACE ELSE LBRACE main RBRACE
   28           | IF LPAREN expressions RPAREN LBRACE . main RBRACE
   29           | IF LPAREN expressions RPAREN LBRACE . main RBRACE ELSE IF LPAREN expressions RPAREN LBRACE main RBRACE ELSE LBRACE main RBRACE

    NUMBER      сдвиг, и переход в состояние 8
    IDENTIFIER  сдвиг, и переход в состояние 9
    INT         сдвиг, и переход в состояние 10
    RETURN      сдвиг, и переход в состояние 11
    PRINTF      сдвиг, и переход в состояние 12
    WHILE       сдвиг, и переход в состояние 13
    FOR         сдвиг, и переход в состояние 14
    IF          сдвиг, и переход в состояние 15

    $default  вывод с использованием правила 2 (main)

    main         переход в состояние 70
    progs        переход в состояние 17
    expressions  переход в состояние 18
    elements     переход в состояние 19
    conditions   переход в состояние 20
    cycles       переход в состояние 21
    print        переход в состояние 22


состояние 66

   11 expressions: elements signes elements signes elements .

    $default  вывод с использованием правила 11 (expressions)


состояние 67

   35 idents: idents ZAPITAYA expressions .

    $default  вывод с использованием правила 35 (idents)


состояние 68

   30 cycles: WHILE LPAREN expressions RPAREN LBRACE main . RBRACE

    RBRACE  сдвиг, и переход в состояние 71


состояние 69

   31 cycles: FOR LPAREN INT elements signes elements . SEMICOLON elements signes expressions SEMICOLON elements signes elements signes elements RPAREN LBRACE main RBRACE

    SEMICOLON  сдвиг, и переход в состояние 72


состояние 70

   27 conditions: IF LPAREN expressions RPAREN LBRACE main . RBRACE ELSE LBRACE main RBRACE
   28           | IF LPAREN expressions RPAREN LBRACE main . RBRACE
   29           | IF LPAREN expressions RPAREN LBRACE main . RBRACE ELSE IF LPAREN expressions RPAREN LBRACE main RBRACE ELSE LBRACE main RBRACE

    RBRACE  сдвиг, и переход в состояние 73


состояние 71

   30 cycles: WHILE LPAREN expressions RPAREN LBRACE main RBRACE .

    $default  вывод с использованием правила 30 (cycles)


состояние 72

   31 cycles: FOR LPAREN INT elements signes elements SEMICOLON . elements signes expressions SEMICOLON elements signes elements signes elements RPAREN LBRACE main RBRACE

    NUMBER      сдвиг, и переход в состояние 8
    IDENTIFIER  сдвиг, и переход в состояние 9

    elements  переход в состояние 74


состояние 73

   27 conditions: IF LPAREN expressions RPAREN LBRACE main RBRACE . ELSE LBRACE main RBRACE
   28           | IF LPAREN expressions RPAREN LBRACE main RBRACE .
   29           | IF LPAREN expressions RPAREN LBRACE main RBRACE . ELSE IF LPAREN expressions RPAREN LBRACE main RBRACE ELSE LBRACE main RBRACE

    ELSE  сдвиг, и переход в состояние 75

    $default  вывод с использованием правила 28 (conditions)


состояние 74

   31 cycles: FOR LPAREN INT elements signes elements SEMICOLON elements . signes expressions SEMICOLON elements signes elements signes elements RPAREN LBRACE main RBRACE

    MOD       сдвиг, и переход в состояние 32
    ASSIGN    сдвиг, и переход в состояние 33
    PLUS      сдвиг, и переход в состояние 34
    MAX       сдвиг, и переход в состояние 35
    MIN       сдвиг, и переход в состояние 36
    EQUAL     сдвиг, и переход в состояние 37
    NOTEQUAL  сдвиг, и переход в состояние 38
    MINUS     сдвиг, и переход в состояние 39
    MUL       сдвиг, и переход в состояние 40
    DIV       сдвиг, и переход в состояние 41
    GTE       сдвиг, и переход в состояние 42
    LTE       сдвиг, и переход в состояние 43

    signes  переход в состояние 76


состояние 75

   27 conditions: IF LPAREN expressions RPAREN LBRACE main RBRACE ELSE . LBRACE main RBRACE
   29           | IF LPAREN expressions RPAREN LBRACE main RBRACE ELSE . IF LPAREN expressions RPAREN LBRACE main RBRACE ELSE LBRACE main RBRACE

    IF      сдвиг, и переход в состояние 77
    LBRACE  сдвиг, и переход в состояние 78


состояние 76

   31 cycles: FOR LPAREN INT elements signes elements SEMICOLON elements signes . expressions SEMICOLON elements signes elements signes elements RPAREN LBRACE main RBRACE

    NUMBER      сдвиг, и переход в состояние 8
    IDENTIFIER  сдвиг, и переход в состояние 9

    expressions  переход в состояние 79
    elements     переход в состояние 19


состояние 77

   29 conditions: IF LPAREN expressions RPAREN LBRACE main RBRACE ELSE IF . LPAREN expressions RPAREN LBRACE main RBRACE ELSE LBRACE main RBRACE

    LPAREN  сдвиг, и переход в состояние 80


состояние 78

   27 conditions: IF LPAREN expressions RPAREN LBRACE main RBRACE ELSE LBRACE . main RBRACE

    NUMBER      сдвиг, и переход в состояние 8
    IDENTIFIER  сдвиг, и переход в состояние 9
    INT         сдвиг, и переход в состояние 10
    RETURN      сдвиг, и переход в состояние 11
    PRINTF      сдвиг, и переход в состояние 12
    WHILE       сдвиг, и переход в состояние 13
    FOR         сдвиг, и переход в состояние 14
    IF          сдвиг, и переход в состояние 15

    $default  вывод с использованием правила 2 (main)

    main         переход в состояние 81
    progs        переход в состояние 17
    expressions  переход в состояние 18
    elements     переход в состояние 19
    conditions   переход в состояние 20
    cycles       переход в состояние 21
    print        переход в состояние 22


состояние 79

   31 cycles: FOR LPAREN INT elements signes elements SEMICOLON elements signes expressions . SEMICOLON elements signes elements signes elements RPAREN LBRACE main RBRACE

    SEMICOLON  сдвиг, и переход в состояние 82


состояние 80

   29 conditions: IF LPAREN expressions RPAREN LBRACE main RBRACE ELSE IF LPAREN . expressions RPAREN LBRACE main RBRACE ELSE LBRACE main RBRACE

    NUMBER      сдвиг, и переход в состояние 8
    IDENTIFIER  сдвиг, и переход в состояние 9

    expressions  переход в состояние 83
    elements     переход в состояние 19


состояние 81

   27 conditions: IF LPAREN expressions RPAREN LBRACE main RBRACE ELSE LBRACE main . RBRACE

    RBRACE  сдвиг, и переход в состояние 84


состояние 82

   31 cycles: FOR LPAREN INT elements signes elements SEMICOLON elements signes expressions SEMICOLON . elements signes elements signes elements RPAREN LBRACE main RBRACE

    NUMBER      сдвиг, и переход в состояние 8
    IDENTIFIER  сдвиг, и переход в состояние 9

    elements  переход в состояние 85


состояние 83

   29 conditions: IF LPAREN expressions RPAREN LBRACE main RBRACE ELSE IF LPAREN expressions . RPAREN LBRACE main RBRACE ELSE LBRACE main RBRACE

    RPAREN  сдвиг, и переход в состояние 86


состояние 84

   27 conditions: IF LPAREN expressions RPAREN LBRACE main RBRACE ELSE LBRACE main RBRACE .

    $default  вывод с использованием правила 27 (conditions)


состояние 85

   31 cycles: FOR LPAREN INT elements signes elements SEMICOLON elements signes expressions SEMICOLON elements . signes elements signes elements RPAREN LBRACE main RBRACE

    MOD       сдвиг, и переход в состояние 32
    ASSIGN    сдвиг, и переход в состояние 33
    PLUS      сдвиг, и переход в состояние 34
    MAX       сдвиг, и переход в состояние 35
    MIN       сдвиг, и переход в состояние 36
    EQUAL     сдвиг, и переход в состояние 37
    NOTEQUAL  сдвиг, и переход в состояние 38
    MINUS     сдвиг, и переход в состояние 39
    MUL       сдвиг, и переход в состояние 40
    DIV       сдвиг, и переход в состояние 41
    GTE       сдвиг, и переход в состояние 42
    LTE       сдвиг, и переход в состояние 43

    signes  переход в состояние 87


состояние 86

   29 conditions: IF LPAREN expressions RPAREN LBRACE main RBRACE ELSE IF LPAREN expressions RPAREN . LBRACE main RBRACE ELSE LBRACE main RBRACE

    LBRACE  сдвиг, и переход в состояние 88


состояние 87

   31 cycles: FOR LPAREN INT elements signes elements SEMICOLON elements signes expressions SEMICOLON elements signes . elements signes elements RPAREN LBRACE main RBRACE

    NUMBER      сдвиг, и переход в состояние 8
    IDENTIFIER  сдвиг, и переход в состояние 9

    elements  переход в состояние 89


состояние 88

   29 conditions: IF LPAREN expressions RPAREN LBRACE main RBRACE ELSE IF LPAREN expressions RPAREN LBRACE . main RBRACE ELSE LBRACE main RBRACE

    NUMBER      сдвиг, и переход в состояние 8
    IDENTIFIER  сдвиг, и переход в состояние 9
    INT         сдвиг, и переход в состояние 10
    RETURN      сдвиг, и переход в состояние 11
    PRINTF      сдвиг, и переход в состояние 12
    WHILE       сдвиг, и переход в состояние 13
    FOR         сдвиг, и переход в состояние 14
    IF          сдвиг, и переход в состояние 15

    $default  вывод с использованием правила 2 (main)

    main         переход в состояние 90
    progs        переход в состояние 17
    expressions  переход в состояние 18
    elements     переход в состояние 19
    conditions   переход в состояние 20
    cycles       переход в состояние 21
    print        переход в состояние 22


состояние 89

   31 cycles: FOR LPAREN INT elements signes elements SEMICOLON elements signes expressions SEMICOLON elements signes elements . signes elements RPAREN LBRACE main RBRACE

    MOD       сдвиг, и переход в состояние 32
    ASSIGN    сдвиг, и переход в состояние 33
    PLUS      сдвиг, и переход в состояние 34
    MAX       сдвиг, и переход в состояние 35
    MIN       сдвиг, и переход в состояние 36
    EQUAL     сдвиг, и переход в состояние 37
    NOTEQUAL  сдвиг, и переход в состояние 38
    MINUS     сдвиг, и переход в состояние 39
    MUL       сдвиг, и переход в состояние 40
    DIV       сдвиг, и переход в состояние 41
    GTE       сдвиг, и переход в состояние 42
    LTE       сдвиг, и переход в состояние 43

    signes  переход в состояние 91


состояние 90

   29 conditions: IF LPAREN expressions RPAREN LBRACE main RBRACE ELSE IF LPAREN expressions RPAREN LBRACE main . RBRACE ELSE LBRACE main RBRACE

    RBRACE  сдвиг, и переход в состояние 92


состояние 91

   31 cycles: FOR LPAREN INT elements signes elements SEMICOLON elements signes expressions SEMICOLON elements signes elements signes . elements RPAREN LBRACE main RBRACE

    NUMBER      сдвиг, и переход в состояние 8
    IDENTIFIER  сдвиг, и переход в состояние 9

    elements  переход в состояние 93


состояние 92

   29 conditions: IF LPAREN expressions RPAREN LBRACE main RBRACE ELSE IF LPAREN expressions RPAREN LBRACE main RBRACE . ELSE LBRACE main RBRACE

    ELSE  сдвиг, и переход в состояние 94


состояние 93

   31 cycles: FOR LPAREN INT elements signes elements SEMICOLON elements signes expressions SEMICOLON elements signes elements signes elements . RPAREN LBRACE main RBRACE

    RPAREN  сдвиг, и переход в состояние 95


состояние 94

   29 conditions: IF LPAREN expressions RPAREN LBRACE main RBRACE ELSE IF LPAREN expressions RPAREN LBRACE main RBRACE ELSE . LBRACE main RBRACE

    LBRACE  сдвиг, и переход в состояние 96


состояние 95

   31 cycles: FOR LPAREN INT elements signes elements SEMICOLON elements signes expressions SEMICOLON elements signes elements signes elements RPAREN . LBRACE main RBRACE

    LBRACE  сдвиг, и переход в состояние 97


состояние 96

   29 conditions: IF LPAREN expressions RPAREN LBRACE main RBRACE ELSE IF LPAREN expressions RPAREN LBRACE main RBRACE ELSE LBRACE . main RBRACE

    NUMBER      сдвиг, и переход в состояние 8
    IDENTIFIER  сдвиг, и переход в состояние 9
    INT         сдвиг, и переход в состояние 10
    RETURN      сдвиг, и переход в состояние 11
    PRINTF      сдвиг, и переход в состояние 12
    WHILE       сдвиг, и переход в состояние 13
    FOR         сдвиг, и переход в состояние 14
    IF          сдвиг, и переход в состояние 15

    $default  вывод с использованием правила 2 (main)

    main         переход в состояние 98
    progs        переход в состояние 17
    expressions  переход в состояние 18
    elements     переход в состояние 19
    conditions   переход в состояние 20
    cycles       переход в состояние 21
    print        переход в состояние 22


состояние 97

   31 cycles: FOR LPAREN INT elements signes elements SEMICOLON elements signes expressions SEMICOLON elements signes elements signes elements RPAREN LBRACE . main RBRACE

    NUMBER      сдвиг, и переход в состояние 8
    IDENTIFIER  сдвиг, и переход в состояние 9
    INT         сдвиг, и переход в состояние 10
    RETURN      сдвиг, и переход в состояние 11
    PRINTF      сдвиг, и переход в состояние 12
    WHILE       сдвиг, и переход в состояние 13
    FOR         сдвиг, и переход в состояние 14
    IF          сдвиг, и переход в состояние 15

    $default  вывод с использованием правила 2 (main)

    main         переход в состояние 99
    progs        переход в состояние 17
    expressions  переход в состояние 18
    elements     переход в состояние 19
    conditions   переход в состояние 20
    cycles       переход в состояние 21
    print        переход в состояние 22


состояние 98

   29 conditions: IF LPAREN expressions RPAREN LBRACE main RBRACE ELSE IF LPAREN expressions RPAREN LBRACE main RBRACE ELSE LBRACE main . RBRACE

    RBRACE  сдвиг, и переход в состояние 100


состояние 99

   31 cycles: FOR LPAREN INT elements signes elements SEMICOLON elements signes expressions SEMICOLON elements signes elements signes elements RPAREN LBRACE main . RBRACE

    RBRACE  сдвиг, и переход в состояние 101


состояние 100

   29 conditions: IF LPAREN expressions RPAREN LBRACE main RBRACE ELSE IF LPAREN expressions RPAREN LBRACE main RBRACE ELSE LBRACE main RBRACE .

    $default  вывод с использованием правила 29 (conditions)


состояние 101

   31 cycles: FOR LPAREN INT elements signes elements SEMICOLON elements signes expressions SEMICOLON elements signes elements signes elements RPAREN LBRACE main RBRACE .

    $default  вывод с использованием правила 31 (cycles)
